<ShowPlanXML xmlns="http://schemas.microsoft.com/sqlserver/2004/07/showplan" Version="1.2" Build="11.0.2100.60"><BatchSequence><Batch><Statements><StmtSimple StatementText="SELECT dbo.AirRoutesTable.AirRouteUniqueNumber                                 &#xa;                       FROM dbo.AirRoutesTable INNER JOIN&#xa;                       dbo.AirPortsTable ON dbo.AirRoutesTable.AirPortDeparture = dbo.AirPortsTable.AirPortUniqueNumber INNER JOIN&#xa;                       dbo.AirPortsTable AS AirPortsTable_1 ON dbo.AirRoutesTable.AirPortArrival = AirPortsTable_1.AirPortUniqueNumber&#xa;                       WHERE (dbo.AirPortsTable.AirPortCodeIATA = &apos;PIB&apos;) AND (AirPortsTable_1.AirPortCodeIATA = &apos;IAH&apos;) " StatementId="1" StatementCompId="1" StatementType="SELECT" RetrievedFromCache="true" StatementSubTreeCost="0.0785102" StatementEstRows="1" StatementOptmLevel="FULL" QueryHash="0xE36A0BAABA1F8EBE" QueryPlanHash="0xF9E604FD202AD562" StatementOptmEarlyAbortReason="GoodEnoughPlanFound"><StatementSetOptions QUOTED_IDENTIFIER="true" ARITHABORT="false" CONCAT_NULL_YIELDS_NULL="true" ANSI_NULLS="true" ANSI_PADDING="true" ANSI_WARNINGS="true" NUMERIC_ROUNDABORT="false"/><QueryPlan CachedPlanSize="40" CompileTime="14" CompileCPU="14" CompileMemory="520"><MemoryGrantInfo SerialRequiredMemory="0" SerialDesiredMemory="0"/><OptimizerHardwareDependentProperties EstimatedAvailableMemoryGrant="103552" EstimatedPagesCached="51776" EstimatedAvailableDegreeOfParallelism="4"/><RelOp NodeId="0" PhysicalOp="Nested Loops" LogicalOp="Inner Join" EstimateRows="1" EstimateIO="0" EstimateCPU="0.000107074" AvgRowSize="15" EstimatedTotalSubtreeCost="0.0785102" Parallel="0" EstimateRebinds="0" EstimateRewinds="0" EstimatedExecutionMode="Row"><OutputList><ColumnReference Database="[AirPortsAndRoutesDBNew62]" Schema="[dbo]" Table="[AirRoutesTable]" Column="AirRouteUniqueNumber"/></OutputList><NestedLoops Optimized="0" WithUnorderedPrefetch="1"><OuterReferences><ColumnReference Database="[AirPortsAndRoutesDBNew62]" Schema="[dbo]" Table="[AirRoutesTable]" Column="AirPortDeparture"/><ColumnReference Column="Expr1009"/></OuterReferences><RelOp NodeId="2" PhysicalOp="Nested Loops" LogicalOp="Inner Join" EstimateRows="25.6158" EstimateIO="0" EstimateCPU="0.000107074" AvgRowSize="23" EstimatedTotalSubtreeCost="0.0712283" Parallel="0" EstimateRebinds="0" EstimateRewinds="0" EstimatedExecutionMode="Row"><OutputList><ColumnReference Database="[AirPortsAndRoutesDBNew62]" Schema="[dbo]" Table="[AirRoutesTable]" Column="AirRouteUniqueNumber"/><ColumnReference Database="[AirPortsAndRoutesDBNew62]" Schema="[dbo]" Table="[AirRoutesTable]" Column="AirPortDeparture"/></OutputList><NestedLoops Optimized="0" WithUnorderedPrefetch="1"><OuterReferences><ColumnReference Database="[AirPortsAndRoutesDBNew62]" Schema="[dbo]" Table="[AirRoutesTable]" Column="AirRouteUniqueNumber"/><ColumnReference Column="Expr1008"/></OuterReferences><RelOp NodeId="4" PhysicalOp="Nested Loops" LogicalOp="Inner Join" EstimateRows="25.6158" EstimateIO="0" EstimateCPU="0.000107074" AvgRowSize="15" EstimatedTotalSubtreeCost="0.00670035" Parallel="0" EstimateRebinds="0" EstimateRewinds="0" EstimatedExecutionMode="Row"><OutputList><ColumnReference Database="[AirPortsAndRoutesDBNew62]" Schema="[dbo]" Table="[AirRoutesTable]" Column="AirRouteUniqueNumber"/></OutputList><NestedLoops Optimized="0"><OuterReferences><ColumnReference Database="[AirPortsAndRoutesDBNew62]" Schema="[dbo]" Table="[AirPortsTable]" Alias="[AirPortsTable_1]" Column="AirPortUniqueNumber"/></OuterReferences><RelOp NodeId="5" PhysicalOp="Index Seek" LogicalOp="Index Seek" EstimateRows="1" EstimateIO="0.003125" EstimateCPU="0.0001581" AvgRowSize="15" EstimatedTotalSubtreeCost="0.0032831" TableCardinality="10874" Parallel="0" EstimateRebinds="0" EstimateRewinds="0" EstimatedExecutionMode="Row"><OutputList><ColumnReference Database="[AirPortsAndRoutesDBNew62]" Schema="[dbo]" Table="[AirPortsTable]" Alias="[AirPortsTable_1]" Column="AirPortUniqueNumber"/></OutputList><IndexScan Ordered="1" ScanDirection="FORWARD" ForcedIndex="0" ForceSeek="0" ForceScan="0" NoExpandHint="0" Storage="RowStore"><DefinedValues><DefinedValue><ColumnReference Database="[AirPortsAndRoutesDBNew62]" Schema="[dbo]" Table="[AirPortsTable]" Alias="[AirPortsTable_1]" Column="AirPortUniqueNumber"/></DefinedValue></DefinedValues><Object Database="[AirPortsAndRoutesDBNew62]" Schema="[dbo]" Table="[AirPortsTable]" Index="[IX_AirPortsTable_IATA]" Alias="[AirPortsTable_1]" IndexKind="NonClustered"/><SeekPredicates><SeekPredicateNew><SeekKeys><Prefix ScanType="EQ"><RangeColumns><ColumnReference Database="[AirPortsAndRoutesDBNew62]" Schema="[dbo]" Table="[AirPortsTable]" Alias="[AirPortsTable_1]" Column="AirPortCodeIATA"/></RangeColumns><RangeExpressions><ScalarOperator ScalarString="N&apos;IAH&apos;"><Const ConstValue="N&apos;IAH&apos;"/></ScalarOperator></RangeExpressions></Prefix></SeekKeys></SeekPredicateNew></SeekPredicates></IndexScan></RelOp><RelOp NodeId="6" PhysicalOp="Index Seek" LogicalOp="Index Seek" EstimateRows="25.6158" EstimateIO="0.003125" EstimateCPU="0.000185177" AvgRowSize="15" EstimatedTotalSubtreeCost="0.00331018" TableCardinality="10965" Parallel="0" EstimateRebinds="0" EstimateRewinds="0" EstimatedExecutionMode="Row"><OutputList><ColumnReference Database="[AirPortsAndRoutesDBNew62]" Schema="[dbo]" Table="[AirRoutesTable]" Column="AirRouteUniqueNumber"/></OutputList><IndexScan Ordered="1" ScanDirection="FORWARD" ForcedIndex="0" ForceSeek="0" ForceScan="0" NoExpandHint="0" Storage="RowStore"><DefinedValues><DefinedValue><ColumnReference Database="[AirPortsAndRoutesDBNew62]" Schema="[dbo]" Table="[AirRoutesTable]" Column="AirRouteUniqueNumber"/></DefinedValue></DefinedValues><Object Database="[AirPortsAndRoutesDBNew62]" Schema="[dbo]" Table="[AirRoutesTable]" Index="[IX_AirRoutesTable_Arr]" IndexKind="NonClustered"/><SeekPredicates><SeekPredicateNew><SeekKeys><Prefix ScanType="EQ"><RangeColumns><ColumnReference Database="[AirPortsAndRoutesDBNew62]" Schema="[dbo]" Table="[AirRoutesTable]" Column="AirPortArrival"/></RangeColumns><RangeExpressions><ScalarOperator ScalarString="[AirPortsAndRoutesDBNew62].[dbo].[AirPortsTable].[AirPortUniqueNumber] as [AirPortsTable_1].[AirPortUniqueNumber]"><Identifier><ColumnReference Database="[AirPortsAndRoutesDBNew62]" Schema="[dbo]" Table="[AirPortsTable]" Alias="[AirPortsTable_1]" Column="AirPortUniqueNumber"/></Identifier></ScalarOperator></RangeExpressions></Prefix></SeekKeys></SeekPredicateNew></SeekPredicates></IndexScan></RelOp></NestedLoops></RelOp><RelOp NodeId="8" PhysicalOp="Clustered Index Seek" LogicalOp="Clustered Index Seek" EstimateRows="1" EstimateIO="0.003125" EstimateCPU="0.0001581" AvgRowSize="15" EstimatedTotalSubtreeCost="0.0644209" TableCardinality="10965" Parallel="0" EstimateRebinds="24.6158" EstimateRewinds="0" EstimatedExecutionMode="Row"><OutputList><ColumnReference Database="[AirPortsAndRoutesDBNew62]" Schema="[dbo]" Table="[AirRoutesTable]" Column="AirPortDeparture"/></OutputList><IndexScan Lookup="1" Ordered="1" ScanDirection="FORWARD" ForcedIndex="0" ForceSeek="0" ForceScan="0" NoExpandHint="0" Storage="RowStore"><DefinedValues><DefinedValue><ColumnReference Database="[AirPortsAndRoutesDBNew62]" Schema="[dbo]" Table="[AirRoutesTable]" Column="AirPortDeparture"/></DefinedValue></DefinedValues><Object Database="[AirPortsAndRoutesDBNew62]" Schema="[dbo]" Table="[AirRoutesTable]" Index="[PK_AirRoutesTable]" TableReferenceId="-1" IndexKind="Clustered"/><SeekPredicates><SeekPredicateNew><SeekKeys><Prefix ScanType="EQ"><RangeColumns><ColumnReference Database="[AirPortsAndRoutesDBNew62]" Schema="[dbo]" Table="[AirRoutesTable]" Column="AirRouteUniqueNumber"/></RangeColumns><RangeExpressions><ScalarOperator ScalarString="[AirPortsAndRoutesDBNew62].[dbo].[AirRoutesTable].[AirRouteUniqueNumber]"><Identifier><ColumnReference Database="[AirPortsAndRoutesDBNew62]" Schema="[dbo]" Table="[AirRoutesTable]" Column="AirRouteUniqueNumber"/></Identifier></ScalarOperator></RangeExpressions></Prefix></SeekKeys></SeekPredicateNew></SeekPredicates></IndexScan></RelOp></NestedLoops></RelOp><RelOp NodeId="12" PhysicalOp="Index Seek" LogicalOp="Index Seek" EstimateRows="1" EstimateIO="0.003125" EstimateCPU="0.0001581" AvgRowSize="9" EstimatedTotalSubtreeCost="0.00717485" TableCardinality="10874" Parallel="0" EstimateRebinds="24.6158" EstimateRewinds="0" EstimatedExecutionMode="Row"><OutputList/><IndexScan Ordered="1" ScanDirection="FORWARD" ForcedIndex="0" ForceSeek="0" ForceScan="0" NoExpandHint="0" Storage="RowStore"><DefinedValues/><Object Database="[AirPortsAndRoutesDBNew62]" Schema="[dbo]" Table="[AirPortsTable]" Index="[IX_AirPortsTable_IATA]" IndexKind="NonClustered"/><SeekPredicates><SeekPredicateNew><SeekKeys><Prefix ScanType="EQ"><RangeColumns><ColumnReference Database="[AirPortsAndRoutesDBNew62]" Schema="[dbo]" Table="[AirPortsTable]" Column="AirPortCodeIATA"/><ColumnReference Database="[AirPortsAndRoutesDBNew62]" Schema="[dbo]" Table="[AirPortsTable]" Column="AirPortUniqueNumber"/></RangeColumns><RangeExpressions><ScalarOperator ScalarString="N&apos;PIB&apos;"><Const ConstValue="N&apos;PIB&apos;"/></ScalarOperator><ScalarOperator ScalarString="[AirPortsAndRoutesDBNew62].[dbo].[AirRoutesTable].[AirPortDeparture]"><Identifier><ColumnReference Database="[AirPortsAndRoutesDBNew62]" Schema="[dbo]" Table="[AirRoutesTable]" Column="AirPortDeparture"/></Identifier></ScalarOperator></RangeExpressions></Prefix></SeekKeys></SeekPredicateNew></SeekPredicates></IndexScan></RelOp></NestedLoops></RelOp></QueryPlan></StmtSimple></Statements></Batch></BatchSequence></ShowPlanXML>
