<ShowPlanXML xmlns="http://schemas.microsoft.com/sqlserver/2004/07/showplan" Version="1.2" Build="11.0.2100.60"><BatchSequence><Batch><Statements><StmtSimple StatementText="SELECT * FROM dbo.AirFlightsTable WHERE FlightNumberString = &apos;F9537&apos; AND AirRoute = 4313 AND AirCraft = 42286 AND FlightDate = &apos;2021-10-08&apos; AND BeginDate = &apos;2021-10-01&apos; " StatementId="1" StatementCompId="1" StatementType="SELECT" RetrievedFromCache="true" StatementSubTreeCost="0.041456" StatementEstRows="1" StatementOptmLevel="FULL" QueryHash="0x280A6A56820160DB" QueryPlanHash="0xD2E36B0E2C8280D0" StatementOptmEarlyAbortReason="GoodEnoughPlanFound" ParameterizedText="(@1 varchar(8000),@2 smallint,@3 int,@4 varchar(8000),@5 varchar(8000))SELECT * FROM [dbo].[AirFlightsTable] WHERE [FlightNumberString]=@1 AND [AirRoute]=@2 AND [AirCraft]=@3 AND [FlightDate]=@4 AND [BeginDate]=@5"><StatementSetOptions QUOTED_IDENTIFIER="true" ARITHABORT="false" CONCAT_NULL_YIELDS_NULL="true" ANSI_NULLS="true" ANSI_PADDING="true" ANSI_WARNINGS="true" NUMERIC_ROUNDABORT="false"/><QueryPlan CachedPlanSize="56" CompileTime="10" CompileCPU="5" CompileMemory="456"><MemoryGrantInfo SerialRequiredMemory="0" SerialDesiredMemory="0"/><OptimizerHardwareDependentProperties EstimatedAvailableMemoryGrant="103552" EstimatedPagesCached="51776" EstimatedAvailableDegreeOfParallelism="4"/><RelOp NodeId="0" PhysicalOp="Nested Loops" LogicalOp="Inner Join" EstimateRows="1" EstimateIO="0" EstimateCPU="4.18e-006" AvgRowSize="211" EstimatedTotalSubtreeCost="0.041456" Parallel="0" EstimateRebinds="0" EstimateRewinds="0" EstimatedExecutionMode="Row"><OutputList><ColumnReference Database="[AirFlightsDBNew62]" Schema="[dbo]" Table="[AirFlightsTable]" Column="AirFlightUniqueNumber"/><ColumnReference Database="[AirFlightsDBNew62]" Schema="[dbo]" Table="[AirFlightsTable]" Column="AirRoute"/><ColumnReference Database="[AirFlightsDBNew62]" Schema="[dbo]" Table="[AirFlightsTable]" Column="AirCraft"/><ColumnReference Database="[AirFlightsDBNew62]" Schema="[dbo]" Table="[AirFlightsTable]" Column="FlightNumberString"/><ColumnReference Database="[AirFlightsDBNew62]" Schema="[dbo]" Table="[AirFlightsTable]" Column="Status"/><ColumnReference Database="[AirFlightsDBNew62]" Schema="[dbo]" Table="[AirFlightsTable]" Column="QuantityCounted"/><ColumnReference Database="[AirFlightsDBNew62]" Schema="[dbo]" Table="[AirFlightsTable]" Column="DateDeparture"/><ColumnReference Database="[AirFlightsDBNew62]" Schema="[dbo]" Table="[AirFlightsTable]" Column="DateArrival"/><ColumnReference Database="[AirFlightsDBNew62]" Schema="[dbo]" Table="[AirFlightsTable]" Column="SourceCSVFile"/><ColumnReference Database="[AirFlightsDBNew62]" Schema="[dbo]" Table="[AirFlightsTable]" Column="FlightDescription"/><ColumnReference Database="[AirFlightsDBNew62]" Schema="[dbo]" Table="[AirFlightsTable]" Column="FlightDate"/><ColumnReference Database="[AirFlightsDBNew62]" Schema="[dbo]" Table="[AirFlightsTable]" Column="BeginDate"/><ColumnReference Database="[AirFlightsDBNew62]" Schema="[dbo]" Table="[AirFlightsTable]" Column="LoadDate"/></OutputList><NestedLoops Optimized="0"><OuterReferences><ColumnReference Database="[AirFlightsDBNew62]" Schema="[dbo]" Table="[AirFlightsTable]" Column="AirFlightUniqueNumber"/></OuterReferences><RelOp NodeId="2" PhysicalOp="Merge Join" LogicalOp="Inner Join" EstimateRows="1" EstimateIO="0" EstimateCPU="0.0156756" AvgRowSize="77" EstimatedTotalSubtreeCost="0.0381687" Parallel="0" EstimateRebinds="0" EstimateRewinds="0" EstimatedExecutionMode="Row"><OutputList><ColumnReference Database="[AirFlightsDBNew62]" Schema="[dbo]" Table="[AirFlightsTable]" Column="AirFlightUniqueNumber"/><ColumnReference Database="[AirFlightsDBNew62]" Schema="[dbo]" Table="[AirFlightsTable]" Column="AirCraft"/><ColumnReference Database="[AirFlightsDBNew62]" Schema="[dbo]" Table="[AirFlightsTable]" Column="FlightNumberString"/></OutputList><Merge ManyToMany="0"><InnerSideJoinColumns><ColumnReference Database="[AirFlightsDBNew62]" Schema="[dbo]" Table="[AirFlightsTable]" Column="AirFlightUniqueNumber"/></InnerSideJoinColumns><OuterSideJoinColumns><ColumnReference Database="[AirFlightsDBNew62]" Schema="[dbo]" Table="[AirFlightsTable]" Column="AirFlightUniqueNumber"/></OuterSideJoinColumns><Residual><ScalarOperator ScalarString="[AirFlightsDBNew62].[dbo].[AirFlightsTable].[AirFlightUniqueNumber] = [AirFlightsDBNew62].[dbo].[AirFlightsTable].[AirFlightUniqueNumber]"><Compare CompareOp="IS"><ScalarOperator><Identifier><ColumnReference Database="[AirFlightsDBNew62]" Schema="[dbo]" Table="[AirFlightsTable]" Column="AirFlightUniqueNumber"/></Identifier></ScalarOperator><ScalarOperator><Identifier><ColumnReference Database="[AirFlightsDBNew62]" Schema="[dbo]" Table="[AirFlightsTable]" Column="AirFlightUniqueNumber"/></Identifier></ScalarOperator></Compare></ScalarOperator></Residual><RelOp NodeId="3" PhysicalOp="Index Seek" LogicalOp="Index Seek" EstimateRows="2238.71" EstimateIO="0.00701505" EstimateCPU="0.00261958" AvgRowSize="23" EstimatedTotalSubtreeCost="0.00963463" TableCardinality="1.11258e+008" Parallel="0" EstimateRebinds="0" EstimateRewinds="0" EstimatedExecutionMode="Row"><OutputList><ColumnReference Database="[AirFlightsDBNew62]" Schema="[dbo]" Table="[AirFlightsTable]" Column="AirFlightUniqueNumber"/><ColumnReference Database="[AirFlightsDBNew62]" Schema="[dbo]" Table="[AirFlightsTable]" Column="AirCraft"/></OutputList><IndexScan Ordered="1" ScanDirection="FORWARD" ForcedIndex="0" ForceSeek="0" ForceScan="0" NoExpandHint="0" Storage="RowStore"><DefinedValues><DefinedValue><ColumnReference Database="[AirFlightsDBNew62]" Schema="[dbo]" Table="[AirFlightsTable]" Column="AirFlightUniqueNumber"/></DefinedValue><DefinedValue><ColumnReference Database="[AirFlightsDBNew62]" Schema="[dbo]" Table="[AirFlightsTable]" Column="AirCraft"/></DefinedValue></DefinedValues><Object Database="[AirFlightsDBNew62]" Schema="[dbo]" Table="[AirFlightsTable]" Index="[IX_AirFlightsTable_AC]" IndexKind="NonClustered"/><SeekPredicates><SeekPredicateNew><SeekKeys><Prefix ScanType="EQ"><RangeColumns><ColumnReference Database="[AirFlightsDBNew62]" Schema="[dbo]" Table="[AirFlightsTable]" Column="AirCraft"/></RangeColumns><RangeExpressions><ScalarOperator ScalarString="(42286)"><Const ConstValue="(42286)"/></ScalarOperator></RangeExpressions></Prefix></SeekKeys></SeekPredicateNew></SeekPredicates></IndexScan></RelOp><RelOp NodeId="4" PhysicalOp="Index Seek" LogicalOp="Index Seek" EstimateRows="2559.17" EstimateIO="0.00988339" EstimateCPU="0.00297208" AvgRowSize="69" EstimatedTotalSubtreeCost="0.0128555" TableCardinality="1.11258e+008" Parallel="0" EstimateRebinds="0" EstimateRewinds="0" EstimatedExecutionMode="Row"><OutputList><ColumnReference Database="[AirFlightsDBNew62]" Schema="[dbo]" Table="[AirFlightsTable]" Column="AirFlightUniqueNumber"/><ColumnReference Database="[AirFlightsDBNew62]" Schema="[dbo]" Table="[AirFlightsTable]" Column="FlightNumberString"/></OutputList><IndexScan Ordered="1" ScanDirection="FORWARD" ForcedIndex="0" ForceSeek="0" ForceScan="0" NoExpandHint="0" Storage="RowStore"><DefinedValues><DefinedValue><ColumnReference Database="[AirFlightsDBNew62]" Schema="[dbo]" Table="[AirFlightsTable]" Column="AirFlightUniqueNumber"/></DefinedValue><DefinedValue><ColumnReference Database="[AirFlightsDBNew62]" Schema="[dbo]" Table="[AirFlightsTable]" Column="FlightNumberString"/></DefinedValue></DefinedValues><Object Database="[AirFlightsDBNew62]" Schema="[dbo]" Table="[AirFlightsTable]" Index="[IX_AirFlightsTable_ALFN]" IndexKind="NonClustered"/><SeekPredicates><SeekPredicateNew><SeekKeys><Prefix ScanType="EQ"><RangeColumns><ColumnReference Database="[AirFlightsDBNew62]" Schema="[dbo]" Table="[AirFlightsTable]" Column="FlightNumberString"/></RangeColumns><RangeExpressions><ScalarOperator ScalarString="N&apos;F9537&apos;"><Const ConstValue="N&apos;F9537&apos;"/></ScalarOperator></RangeExpressions></Prefix></SeekKeys></SeekPredicateNew></SeekPredicates></IndexScan></RelOp></Merge></RelOp><RelOp NodeId="14" PhysicalOp="Clustered Index Seek" LogicalOp="Clustered Index Seek" EstimateRows="1" EstimateIO="0.003125" EstimateCPU="0.0001581" AvgRowSize="182" EstimatedTotalSubtreeCost="0.0032831" TableCardinality="1.11258e+008" Parallel="0" EstimateRebinds="0" EstimateRewinds="0" EstimatedExecutionMode="Row"><OutputList><ColumnReference Database="[AirFlightsDBNew62]" Schema="[dbo]" Table="[AirFlightsTable]" Column="AirRoute"/><ColumnReference Database="[AirFlightsDBNew62]" Schema="[dbo]" Table="[AirFlightsTable]" Column="Status"/><ColumnReference Database="[AirFlightsDBNew62]" Schema="[dbo]" Table="[AirFlightsTable]" Column="QuantityCounted"/><ColumnReference Database="[AirFlightsDBNew62]" Schema="[dbo]" Table="[AirFlightsTable]" Column="DateDeparture"/><ColumnReference Database="[AirFlightsDBNew62]" Schema="[dbo]" Table="[AirFlightsTable]" Column="DateArrival"/><ColumnReference Database="[AirFlightsDBNew62]" Schema="[dbo]" Table="[AirFlightsTable]" Column="SourceCSVFile"/><ColumnReference Database="[AirFlightsDBNew62]" Schema="[dbo]" Table="[AirFlightsTable]" Column="FlightDescription"/><ColumnReference Database="[AirFlightsDBNew62]" Schema="[dbo]" Table="[AirFlightsTable]" Column="FlightDate"/><ColumnReference Database="[AirFlightsDBNew62]" Schema="[dbo]" Table="[AirFlightsTable]" Column="BeginDate"/><ColumnReference Database="[AirFlightsDBNew62]" Schema="[dbo]" Table="[AirFlightsTable]" Column="LoadDate"/></OutputList><IndexScan Lookup="1" Ordered="1" ScanDirection="FORWARD" ForcedIndex="0" ForceSeek="0" ForceScan="0" NoExpandHint="0" Storage="RowStore"><DefinedValues><DefinedValue><ColumnReference Database="[AirFlightsDBNew62]" Schema="[dbo]" Table="[AirFlightsTable]" Column="AirRoute"/></DefinedValue><DefinedValue><ColumnReference Database="[AirFlightsDBNew62]" Schema="[dbo]" Table="[AirFlightsTable]" Column="Status"/></DefinedValue><DefinedValue><ColumnReference Database="[AirFlightsDBNew62]" Schema="[dbo]" Table="[AirFlightsTable]" Column="QuantityCounted"/></DefinedValue><DefinedValue><ColumnReference Database="[AirFlightsDBNew62]" Schema="[dbo]" Table="[AirFlightsTable]" Column="DateDeparture"/></DefinedValue><DefinedValue><ColumnReference Database="[AirFlightsDBNew62]" Schema="[dbo]" Table="[AirFlightsTable]" Column="DateArrival"/></DefinedValue><DefinedValue><ColumnReference Database="[AirFlightsDBNew62]" Schema="[dbo]" Table="[AirFlightsTable]" Column="SourceCSVFile"/></DefinedValue><DefinedValue><ColumnReference Database="[AirFlightsDBNew62]" Schema="[dbo]" Table="[AirFlightsTable]" Column="FlightDescription"/></DefinedValue><DefinedValue><ColumnReference Database="[AirFlightsDBNew62]" Schema="[dbo]" Table="[AirFlightsTable]" Column="FlightDate"/></DefinedValue><DefinedValue><ColumnReference Database="[AirFlightsDBNew62]" Schema="[dbo]" Table="[AirFlightsTable]" Column="BeginDate"/></DefinedValue><DefinedValue><ColumnReference Database="[AirFlightsDBNew62]" Schema="[dbo]" Table="[AirFlightsTable]" Column="LoadDate"/></DefinedValue></DefinedValues><Object Database="[AirFlightsDBNew62]" Schema="[dbo]" Table="[AirFlightsTable]" Index="[PK_AirFlightsTable]" TableReferenceId="-1" IndexKind="Clustered"/><SeekPredicates><SeekPredicateNew><SeekKeys><Prefix ScanType="EQ"><RangeColumns><ColumnReference Database="[AirFlightsDBNew62]" Schema="[dbo]" Table="[AirFlightsTable]" Column="AirFlightUniqueNumber"/></RangeColumns><RangeExpressions><ScalarOperator ScalarString="[AirFlightsDBNew62].[dbo].[AirFlightsTable].[AirFlightUniqueNumber]"><Identifier><ColumnReference Database="[AirFlightsDBNew62]" Schema="[dbo]" Table="[AirFlightsTable]" Column="AirFlightUniqueNumber"/></Identifier></ScalarOperator></RangeExpressions></Prefix></SeekKeys></SeekPredicateNew></SeekPredicates><Predicate><ScalarOperator ScalarString="[AirFlightsDBNew62].[dbo].[AirFlightsTable].[AirRoute]=(4313) AND [AirFlightsDBNew62].[dbo].[AirFlightsTable].[FlightDate]=&apos;2021-10-08&apos; AND [AirFlightsDBNew62].[dbo].[AirFlightsTable].[BeginDate]=&apos;2021-10-01&apos;"><Logical Operation="AND"><ScalarOperator><Compare CompareOp="EQ"><ScalarOperator><Identifier><ColumnReference Database="[AirFlightsDBNew62]" Schema="[dbo]" Table="[AirFlightsTable]" Column="AirRoute"/></Identifier></ScalarOperator><ScalarOperator><Const ConstValue="(4313)"/></ScalarOperator></Compare></ScalarOperator><ScalarOperator><Compare CompareOp="EQ"><ScalarOperator><Identifier><ColumnReference Database="[AirFlightsDBNew62]" Schema="[dbo]" Table="[AirFlightsTable]" Column="FlightDate"/></Identifier></ScalarOperator><ScalarOperator><Const ConstValue="&apos;2021-10-08&apos;"/></ScalarOperator></Compare></ScalarOperator><ScalarOperator><Compare CompareOp="EQ"><ScalarOperator><Identifier><ColumnReference Database="[AirFlightsDBNew62]" Schema="[dbo]" Table="[AirFlightsTable]" Column="BeginDate"/></Identifier></ScalarOperator><ScalarOperator><Const ConstValue="&apos;2021-10-01&apos;"/></ScalarOperator></Compare></ScalarOperator></Logical></ScalarOperator></Predicate></IndexScan></RelOp></NestedLoops></RelOp><ParameterList><ColumnReference Column="@5" ParameterCompiledValue="&apos;2021-10-01&apos;"/><ColumnReference Column="@4" ParameterCompiledValue="&apos;2021-10-08&apos;"/><ColumnReference Column="@3" ParameterCompiledValue="(42286)"/><ColumnReference Column="@2" ParameterCompiledValue="(4313)"/><ColumnReference Column="@1" ParameterCompiledValue="&apos;F9537&apos;"/></ParameterList></QueryPlan></StmtSimple></Statements></Batch></BatchSequence></ShowPlanXML>
