<ShowPlanXML xmlns="http://schemas.microsoft.com/sqlserver/2004/07/showplan" Version="1.2" Build="11.0.2100.60"><BatchSequence><Batch><Statements><StmtSimple StatementText="SELECT * FROM dbo.AirFlightsTable WHERE FlightNumberString = &apos;UA455&apos; AND AirRoute = 56 AND AirCraft = 4 AND FlightDate = &apos;1989-11-18&apos; AND BeginDate = &apos;1989-11-01&apos; " StatementId="1" StatementCompId="1" StatementType="SELECT" RetrievedFromCache="true" StatementSubTreeCost="0.44695" StatementEstRows="3.86527" StatementOptmLevel="FULL" QueryHash="0x280A6A56820160DB" QueryPlanHash="0x3AFDD33AE96A66B3" StatementOptmEarlyAbortReason="GoodEnoughPlanFound" ParameterizedText="(@1 varchar(8000),@2 tinyint,@3 tinyint,@4 varchar(8000),@5 varchar(8000))SELECT * FROM [dbo].[AirFlightsTable] WHERE [FlightNumberString]=@1 AND [AirRoute]=@2 AND [AirCraft]=@3 AND [FlightDate]=@4 AND [BeginDate]=@5"><StatementSetOptions QUOTED_IDENTIFIER="true" ARITHABORT="false" CONCAT_NULL_YIELDS_NULL="true" ANSI_NULLS="true" ANSI_PADDING="true" ANSI_WARNINGS="true" NUMERIC_ROUNDABORT="false"/><QueryPlan CachedPlanSize="56" CompileTime="5" CompileCPU="5" CompileMemory="464"><MemoryGrantInfo SerialRequiredMemory="0" SerialDesiredMemory="0"/><OptimizerHardwareDependentProperties EstimatedAvailableMemoryGrant="103552" EstimatedPagesCached="51776" EstimatedAvailableDegreeOfParallelism="4"/><RelOp NodeId="0" PhysicalOp="Nested Loops" LogicalOp="Inner Join" EstimateRows="3.86527" EstimateIO="0" EstimateCPU="1.61568e-005" AvgRowSize="211" EstimatedTotalSubtreeCost="0.44695" Parallel="0" EstimateRebinds="0" EstimateRewinds="0" EstimatedExecutionMode="Row"><OutputList><ColumnReference Database="[AirFlightsDBNew62]" Schema="[dbo]" Table="[AirFlightsTable]" Column="AirFlightUniqueNumber"/><ColumnReference Database="[AirFlightsDBNew62]" Schema="[dbo]" Table="[AirFlightsTable]" Column="AirRoute"/><ColumnReference Database="[AirFlightsDBNew62]" Schema="[dbo]" Table="[AirFlightsTable]" Column="AirCraft"/><ColumnReference Database="[AirFlightsDBNew62]" Schema="[dbo]" Table="[AirFlightsTable]" Column="FlightNumberString"/><ColumnReference Database="[AirFlightsDBNew62]" Schema="[dbo]" Table="[AirFlightsTable]" Column="Status"/><ColumnReference Database="[AirFlightsDBNew62]" Schema="[dbo]" Table="[AirFlightsTable]" Column="QuantityCounted"/><ColumnReference Database="[AirFlightsDBNew62]" Schema="[dbo]" Table="[AirFlightsTable]" Column="DateDeparture"/><ColumnReference Database="[AirFlightsDBNew62]" Schema="[dbo]" Table="[AirFlightsTable]" Column="DateArrival"/><ColumnReference Database="[AirFlightsDBNew62]" Schema="[dbo]" Table="[AirFlightsTable]" Column="SourceCSVFile"/><ColumnReference Database="[AirFlightsDBNew62]" Schema="[dbo]" Table="[AirFlightsTable]" Column="FlightDescription"/><ColumnReference Database="[AirFlightsDBNew62]" Schema="[dbo]" Table="[AirFlightsTable]" Column="FlightDate"/><ColumnReference Database="[AirFlightsDBNew62]" Schema="[dbo]" Table="[AirFlightsTable]" Column="BeginDate"/><ColumnReference Database="[AirFlightsDBNew62]" Schema="[dbo]" Table="[AirFlightsTable]" Column="LoadDate"/></OutputList><NestedLoops Optimized="0"><OuterReferences><ColumnReference Database="[AirFlightsDBNew62]" Schema="[dbo]" Table="[AirFlightsTable]" Column="AirFlightUniqueNumber"/></OuterReferences><RelOp NodeId="2" PhysicalOp="Merge Join" LogicalOp="Inner Join" EstimateRows="3.86527" EstimateIO="0" EstimateCPU="0.173458" AvgRowSize="77" EstimatedTotalSubtreeCost="0.437369" Parallel="0" EstimateRebinds="0" EstimateRewinds="0" EstimatedExecutionMode="Row"><OutputList><ColumnReference Database="[AirFlightsDBNew62]" Schema="[dbo]" Table="[AirFlightsTable]" Column="AirFlightUniqueNumber"/><ColumnReference Database="[AirFlightsDBNew62]" Schema="[dbo]" Table="[AirFlightsTable]" Column="FlightNumberString"/><ColumnReference Database="[AirFlightsDBNew62]" Schema="[dbo]" Table="[AirFlightsTable]" Column="AirRoute"/></OutputList><Merge ManyToMany="0"><InnerSideJoinColumns><ColumnReference Database="[AirFlightsDBNew62]" Schema="[dbo]" Table="[AirFlightsTable]" Column="AirFlightUniqueNumber"/></InnerSideJoinColumns><OuterSideJoinColumns><ColumnReference Database="[AirFlightsDBNew62]" Schema="[dbo]" Table="[AirFlightsTable]" Column="AirFlightUniqueNumber"/></OuterSideJoinColumns><Residual><ScalarOperator ScalarString="[AirFlightsDBNew62].[dbo].[AirFlightsTable].[AirFlightUniqueNumber] = [AirFlightsDBNew62].[dbo].[AirFlightsTable].[AirFlightUniqueNumber]"><Compare CompareOp="IS"><ScalarOperator><Identifier><ColumnReference Database="[AirFlightsDBNew62]" Schema="[dbo]" Table="[AirFlightsTable]" Column="AirFlightUniqueNumber"/></Identifier></ScalarOperator><ScalarOperator><Identifier><ColumnReference Database="[AirFlightsDBNew62]" Schema="[dbo]" Table="[AirFlightsTable]" Column="AirFlightUniqueNumber"/></Identifier></ScalarOperator></Compare></ScalarOperator></Residual><RelOp NodeId="3" PhysicalOp="Index Seek" LogicalOp="Index Seek" EstimateRows="5775.01" EstimateIO="0.0192953" EstimateCPU="0.00650951" AvgRowSize="69" EstimatedTotalSubtreeCost="0.0258048" TableCardinality="1.10796e+008" Parallel="0" EstimateRebinds="0" EstimateRewinds="0" EstimatedExecutionMode="Row"><OutputList><ColumnReference Database="[AirFlightsDBNew62]" Schema="[dbo]" Table="[AirFlightsTable]" Column="AirFlightUniqueNumber"/><ColumnReference Database="[AirFlightsDBNew62]" Schema="[dbo]" Table="[AirFlightsTable]" Column="FlightNumberString"/></OutputList><IndexScan Ordered="1" ScanDirection="FORWARD" ForcedIndex="0" ForceSeek="0" ForceScan="0" NoExpandHint="0" Storage="RowStore"><DefinedValues><DefinedValue><ColumnReference Database="[AirFlightsDBNew62]" Schema="[dbo]" Table="[AirFlightsTable]" Column="AirFlightUniqueNumber"/></DefinedValue><DefinedValue><ColumnReference Database="[AirFlightsDBNew62]" Schema="[dbo]" Table="[AirFlightsTable]" Column="FlightNumberString"/></DefinedValue></DefinedValues><Object Database="[AirFlightsDBNew62]" Schema="[dbo]" Table="[AirFlightsTable]" Index="[IX_AirFlightsTable_ALFN]" IndexKind="NonClustered"/><SeekPredicates><SeekPredicateNew><SeekKeys><Prefix ScanType="EQ"><RangeColumns><ColumnReference Database="[AirFlightsDBNew62]" Schema="[dbo]" Table="[AirFlightsTable]" Column="FlightNumberString"/></RangeColumns><RangeExpressions><ScalarOperator ScalarString="N&apos;UA455&apos;"><Const ConstValue="N&apos;UA455&apos;"/></ScalarOperator></RangeExpressions></Prefix></SeekKeys></SeekPredicateNew></SeekPredicates></IndexScan></RelOp><RelOp NodeId="4" PhysicalOp="Index Seek" LogicalOp="Index Seek" EstimateRows="74157" EstimateIO="0.156374" EstimateCPU="0.0817297" AvgRowSize="23" EstimatedTotalSubtreeCost="0.238103" TableCardinality="1.10796e+008" Parallel="0" EstimateRebinds="0" EstimateRewinds="0" EstimatedExecutionMode="Row"><OutputList><ColumnReference Database="[AirFlightsDBNew62]" Schema="[dbo]" Table="[AirFlightsTable]" Column="AirFlightUniqueNumber"/><ColumnReference Database="[AirFlightsDBNew62]" Schema="[dbo]" Table="[AirFlightsTable]" Column="AirRoute"/></OutputList><IndexScan Ordered="1" ScanDirection="FORWARD" ForcedIndex="0" ForceSeek="0" ForceScan="0" NoExpandHint="0" Storage="RowStore"><DefinedValues><DefinedValue><ColumnReference Database="[AirFlightsDBNew62]" Schema="[dbo]" Table="[AirFlightsTable]" Column="AirFlightUniqueNumber"/></DefinedValue><DefinedValue><ColumnReference Database="[AirFlightsDBNew62]" Schema="[dbo]" Table="[AirFlightsTable]" Column="AirRoute"/></DefinedValue></DefinedValues><Object Database="[AirFlightsDBNew62]" Schema="[dbo]" Table="[AirFlightsTable]" Index="[IX_AirFlightsTable_RT]" IndexKind="NonClustered"/><SeekPredicates><SeekPredicateNew><SeekKeys><Prefix ScanType="EQ"><RangeColumns><ColumnReference Database="[AirFlightsDBNew62]" Schema="[dbo]" Table="[AirFlightsTable]" Column="AirRoute"/></RangeColumns><RangeExpressions><ScalarOperator ScalarString="(56)"><Const ConstValue="(56)"/></ScalarOperator></RangeExpressions></Prefix></SeekKeys></SeekPredicateNew></SeekPredicates></IndexScan></RelOp></Merge></RelOp><RelOp NodeId="14" PhysicalOp="Clustered Index Seek" LogicalOp="Clustered Index Seek" EstimateRows="1" EstimateIO="0.003125" EstimateCPU="0.0001581" AvgRowSize="182" EstimatedTotalSubtreeCost="0.00956507" TableCardinality="1.10796e+008" Parallel="0" EstimateRebinds="2.86527" EstimateRewinds="0" EstimatedExecutionMode="Row"><OutputList><ColumnReference Database="[AirFlightsDBNew62]" Schema="[dbo]" Table="[AirFlightsTable]" Column="AirCraft"/><ColumnReference Database="[AirFlightsDBNew62]" Schema="[dbo]" Table="[AirFlightsTable]" Column="Status"/><ColumnReference Database="[AirFlightsDBNew62]" Schema="[dbo]" Table="[AirFlightsTable]" Column="QuantityCounted"/><ColumnReference Database="[AirFlightsDBNew62]" Schema="[dbo]" Table="[AirFlightsTable]" Column="DateDeparture"/><ColumnReference Database="[AirFlightsDBNew62]" Schema="[dbo]" Table="[AirFlightsTable]" Column="DateArrival"/><ColumnReference Database="[AirFlightsDBNew62]" Schema="[dbo]" Table="[AirFlightsTable]" Column="SourceCSVFile"/><ColumnReference Database="[AirFlightsDBNew62]" Schema="[dbo]" Table="[AirFlightsTable]" Column="FlightDescription"/><ColumnReference Database="[AirFlightsDBNew62]" Schema="[dbo]" Table="[AirFlightsTable]" Column="FlightDate"/><ColumnReference Database="[AirFlightsDBNew62]" Schema="[dbo]" Table="[AirFlightsTable]" Column="BeginDate"/><ColumnReference Database="[AirFlightsDBNew62]" Schema="[dbo]" Table="[AirFlightsTable]" Column="LoadDate"/></OutputList><IndexScan Lookup="1" Ordered="1" ScanDirection="FORWARD" ForcedIndex="0" ForceSeek="0" ForceScan="0" NoExpandHint="0" Storage="RowStore"><DefinedValues><DefinedValue><ColumnReference Database="[AirFlightsDBNew62]" Schema="[dbo]" Table="[AirFlightsTable]" Column="AirCraft"/></DefinedValue><DefinedValue><ColumnReference Database="[AirFlightsDBNew62]" Schema="[dbo]" Table="[AirFlightsTable]" Column="Status"/></DefinedValue><DefinedValue><ColumnReference Database="[AirFlightsDBNew62]" Schema="[dbo]" Table="[AirFlightsTable]" Column="QuantityCounted"/></DefinedValue><DefinedValue><ColumnReference Database="[AirFlightsDBNew62]" Schema="[dbo]" Table="[AirFlightsTable]" Column="DateDeparture"/></DefinedValue><DefinedValue><ColumnReference Database="[AirFlightsDBNew62]" Schema="[dbo]" Table="[AirFlightsTable]" Column="DateArrival"/></DefinedValue><DefinedValue><ColumnReference Database="[AirFlightsDBNew62]" Schema="[dbo]" Table="[AirFlightsTable]" Column="SourceCSVFile"/></DefinedValue><DefinedValue><ColumnReference Database="[AirFlightsDBNew62]" Schema="[dbo]" Table="[AirFlightsTable]" Column="FlightDescription"/></DefinedValue><DefinedValue><ColumnReference Database="[AirFlightsDBNew62]" Schema="[dbo]" Table="[AirFlightsTable]" Column="FlightDate"/></DefinedValue><DefinedValue><ColumnReference Database="[AirFlightsDBNew62]" Schema="[dbo]" Table="[AirFlightsTable]" Column="BeginDate"/></DefinedValue><DefinedValue><ColumnReference Database="[AirFlightsDBNew62]" Schema="[dbo]" Table="[AirFlightsTable]" Column="LoadDate"/></DefinedValue></DefinedValues><Object Database="[AirFlightsDBNew62]" Schema="[dbo]" Table="[AirFlightsTable]" Index="[PK_AirFlightsTable]" TableReferenceId="-1" IndexKind="Clustered"/><SeekPredicates><SeekPredicateNew><SeekKeys><Prefix ScanType="EQ"><RangeColumns><ColumnReference Database="[AirFlightsDBNew62]" Schema="[dbo]" Table="[AirFlightsTable]" Column="AirFlightUniqueNumber"/></RangeColumns><RangeExpressions><ScalarOperator ScalarString="[AirFlightsDBNew62].[dbo].[AirFlightsTable].[AirFlightUniqueNumber]"><Identifier><ColumnReference Database="[AirFlightsDBNew62]" Schema="[dbo]" Table="[AirFlightsTable]" Column="AirFlightUniqueNumber"/></Identifier></ScalarOperator></RangeExpressions></Prefix></SeekKeys></SeekPredicateNew></SeekPredicates><Predicate><ScalarOperator ScalarString="[AirFlightsDBNew62].[dbo].[AirFlightsTable].[AirCraft]=(4) AND [AirFlightsDBNew62].[dbo].[AirFlightsTable].[FlightDate]=&apos;1989-11-18&apos; AND [AirFlightsDBNew62].[dbo].[AirFlightsTable].[BeginDate]=&apos;1989-11-01&apos;"><Logical Operation="AND"><ScalarOperator><Compare CompareOp="EQ"><ScalarOperator><Identifier><ColumnReference Database="[AirFlightsDBNew62]" Schema="[dbo]" Table="[AirFlightsTable]" Column="AirCraft"/></Identifier></ScalarOperator><ScalarOperator><Const ConstValue="(4)"/></ScalarOperator></Compare></ScalarOperator><ScalarOperator><Compare CompareOp="EQ"><ScalarOperator><Identifier><ColumnReference Database="[AirFlightsDBNew62]" Schema="[dbo]" Table="[AirFlightsTable]" Column="FlightDate"/></Identifier></ScalarOperator><ScalarOperator><Const ConstValue="&apos;1989-11-18&apos;"/></ScalarOperator></Compare></ScalarOperator><ScalarOperator><Compare CompareOp="EQ"><ScalarOperator><Identifier><ColumnReference Database="[AirFlightsDBNew62]" Schema="[dbo]" Table="[AirFlightsTable]" Column="BeginDate"/></Identifier></ScalarOperator><ScalarOperator><Const ConstValue="&apos;1989-11-01&apos;"/></ScalarOperator></Compare></ScalarOperator></Logical></ScalarOperator></Predicate></IndexScan></RelOp></NestedLoops></RelOp><ParameterList><ColumnReference Column="@5" ParameterCompiledValue="&apos;1989-11-01&apos;"/><ColumnReference Column="@4" ParameterCompiledValue="&apos;1989-11-18&apos;"/><ColumnReference Column="@3" ParameterCompiledValue="(4)"/><ColumnReference Column="@2" ParameterCompiledValue="(56)"/><ColumnReference Column="@1" ParameterCompiledValue="&apos;UA455&apos;"/></ParameterList></QueryPlan></StmtSimple></Statements></Batch></BatchSequence></ShowPlanXML>
